<?xml version="1.0" encoding="UTF-8"?>
<testng-results ignored="0" total="1" passed="1" failed="0" skipped="0">
  <reporter-output>
  </reporter-output>
  <suite started-at="2021-06-10T17:25:51 IST" name="Default suite" finished-at="2021-06-10T17:26:17 IST" duration-ms="26003">
    <groups>
    </groups>
    <test started-at="2021-06-10T17:25:51 IST" name="Default test" finished-at="2021-06-10T17:26:17 IST" duration-ms="26003">
      <class name="com.sugestar.testCases.VerifyOperationCreation">
        <test-method is-config="true" signature="Lunch_browser()[pri:0, instance:com.sugestar.testCases.VerifyOperationCreation@26be6ca7]" started-at="2021-06-10T17:25:52 IST" name="Lunch_browser" finished-at="2021-06-10T17:25:57 IST" duration-ms="5830" status="PASS">
          <reporter-output>
          </reporter-output>
        </test-method> <!-- Lunch_browser -->
        <test-method signature="VerifyOperationTest()[pri:0, instance:com.sugestar.testCases.VerifyOperationCreation@26be6ca7]" started-at="2021-06-10T17:25:57 IST" name="VerifyOperationTest" finished-at="2021-06-10T17:26:02 IST" duration-ms="4931" status="PASS">
          <reporter-output>
          </reporter-output>
        </test-method> <!-- VerifyOperationTest -->
        <test-method is-config="true" signature="tearDown()[pri:0, instance:com.sugestar.testCases.VerifyOperationCreation@26be6ca7]" started-at="2021-06-10T17:26:02 IST" name="tearDown" finished-at="2021-06-10T17:26:17 IST" duration-ms="15065" status="PASS">
          <reporter-output>
          </reporter-output>
        </test-method> <!-- tearDown -->
      </class> <!-- com.sugestar.testCases.VerifyOperationCreation -->
    </test> <!-- Default test -->
  </suite> <!-- Default suite -->
</testng-results>
